<?xml version="1.0" encoding="UTF-8"?>
<!-- Generated by org.testng.reporters.JUnitXMLReporter -->
<testsuite ignored="0" hostname="Deku" failures="2" tests="3" name="Error Validations" time="14.63" errors="0" timestamp="2024-06-16T11:25:52 IST">
  <testcase classname="Maven_TestNG.Tests.ErrorValidation" name="errorMessage" time="0.532">
    <skipped/>
  </testcase> <!-- errorMessage -->
  <testcase classname="Maven_TestNG.Tests.ErrorValidation" name="errorMessage" time="1.021">
    <failure type="java.lang.AssertionError" message="expected [Incorrect email or password.] but found [Incorrect  or password.]">
      <![CDATA[java.lang.AssertionError: expected [Incorrect email or password.] but found [Incorrect  or password.]
at Maven_TestNG.Tests.ErrorValidation.errorMessage(ErrorValidation.java:29)
at java.base/java.util.ArrayList.forEach(ArrayList.java:1511)
at java.base/java.util.concurrent.FutureTask.run(FutureTask.java:264)
at java.base/java.util.concurrent.ThreadPoolExecutor.runWorker(ThreadPoolExecutor.java:1136)
at java.base/java.util.concurrent.ThreadPoolExecutor$Worker.run(ThreadPoolExecutor.java:635)
at java.base/java.lang.Thread.run(Thread.java:833)
... Removed 23 stack frames]]>
    </failure>
  </testcase> <!-- errorMessage -->
  <testcase classname="Maven_TestNG.Tests.ErrorValidation" name="errMsg2" time="3.016">
    <failure type="java.lang.AssertionError" message="expected [true] but found [false]">
      <![CDATA[java.lang.AssertionError: expected [true] but found [false]
at Maven_TestNG.Tests.ErrorValidation.errMsg2(ErrorValidation.java:50)
at java.base/java.util.ArrayList.forEach(ArrayList.java:1511)
at java.base/java.util.concurrent.FutureTask.run(FutureTask.java:264)
at java.base/java.util.concurrent.ThreadPoolExecutor.runWorker(ThreadPoolExecutor.java:1136)
at java.base/java.util.concurrent.ThreadPoolExecutor$Worker.run(ThreadPoolExecutor.java:635)
at java.base/java.lang.Thread.run(Thread.java:833)
... Removed 21 stack frames]]>
    </failure>
  </testcase> <!-- errMsg2 -->
</testsuite> <!-- Error Validations -->
